<?xml version="1.0" encoding="UTF-8"?>
<testsuite name="com.example.demo.OnlineExaminationSystemApplicationTests" tests="1" skipped="0" failures="0" errors="0" timestamp="2023-08-29T06:14:37" hostname="LAPTOP-6BLIJ63K" time="0.144">
  <properties/>
  <testcase name="contextLoads()" classname="com.example.demo.OnlineExaminationSystemApplicationTests" time="0.144"/>
  <system-out><![CDATA[11:44:21.665 [Test worker] DEBUG org.springframework.test.context.BootstrapUtils - Instantiating CacheAwareContextLoaderDelegate from class [org.springframework.test.context.cache.DefaultCacheAwareContextLoaderDelegate]
11:44:21.681 [Test worker] DEBUG org.springframework.test.context.BootstrapUtils - Instantiating BootstrapContext using constructor [public org.springframework.test.context.support.DefaultBootstrapContext(java.lang.Class,org.springframework.test.context.CacheAwareContextLoaderDelegate)]
11:44:21.725 [Test worker] DEBUG org.springframework.test.context.BootstrapUtils - Instantiating TestContextBootstrapper for test class [com.example.demo.OnlineExaminationSystemApplicationTests] from class [org.springframework.boot.test.context.SpringBootTestContextBootstrapper]
11:44:21.741 [Test worker] INFO org.springframework.boot.test.context.SpringBootTestContextBootstrapper - Neither @ContextConfiguration nor @ContextHierarchy found for test class [com.example.demo.OnlineExaminationSystemApplicationTests], using SpringBootContextLoader
11:44:21.750 [Test worker] DEBUG org.springframework.test.context.support.AbstractContextLoader - Did not detect default resource location for test class [com.example.demo.OnlineExaminationSystemApplicationTests]: class path resource [com/example/demo/OnlineExaminationSystemApplicationTests-context.xml] does not exist
11:44:21.752 [Test worker] DEBUG org.springframework.test.context.support.AbstractContextLoader - Did not detect default resource location for test class [com.example.demo.OnlineExaminationSystemApplicationTests]: class path resource [com/example/demo/OnlineExaminationSystemApplicationTestsContext.groovy] does not exist
11:44:21.752 [Test worker] INFO org.springframework.test.context.support.AbstractContextLoader - Could not detect default resource locations for test class [com.example.demo.OnlineExaminationSystemApplicationTests]: no resource found for suffixes {-context.xml, Context.groovy}.
11:44:21.753 [Test worker] INFO org.springframework.test.context.support.AnnotationConfigContextLoaderUtils - Could not detect default configuration classes for test class [com.example.demo.OnlineExaminationSystemApplicationTests]: OnlineExaminationSystemApplicationTests does not declare any static, non-private, non-final, nested classes annotated with @Configuration.
11:44:21.835 [Test worker] DEBUG org.springframework.test.context.support.ActiveProfilesUtils - Could not find an 'annotation declaring class' for annotation type [org.springframework.test.context.ActiveProfiles] and class [com.example.demo.OnlineExaminationSystemApplicationTests]
11:44:21.922 [Test worker] DEBUG org.springframework.context.annotation.ClassPathScanningCandidateComponentProvider - Identified candidate component class: file [C:\Users\bablu\Downloads\online-examination-system-main\build\classes\java\main\com\example\demo\OnlineExaminationSystemApplication.class]
11:44:21.924 [Test worker] INFO org.springframework.boot.test.context.SpringBootTestContextBootstrapper - Found @SpringBootConfiguration com.example.demo.OnlineExaminationSystemApplication for test class com.example.demo.OnlineExaminationSystemApplicationTests
11:44:22.069 [Test worker] DEBUG org.springframework.boot.test.context.SpringBootTestContextBootstrapper - @TestExecutionListeners is not present for class [com.example.demo.OnlineExaminationSystemApplicationTests]: using defaults.
11:44:22.070 [Test worker] INFO org.springframework.boot.test.context.SpringBootTestContextBootstrapper - Loaded default TestExecutionListener class names from location [META-INF/spring.factories]: [org.springframework.boot.test.autoconfigure.restdocs.RestDocsTestExecutionListener, org.springframework.boot.test.autoconfigure.web.client.MockRestServiceServerResetTestExecutionListener, org.springframework.boot.test.autoconfigure.web.servlet.MockMvcPrintOnlyOnFailureTestExecutionListener, org.springframework.boot.test.autoconfigure.web.servlet.WebDriverTestExecutionListener, org.springframework.boot.test.autoconfigure.webservices.client.MockWebServiceServerTestExecutionListener, org.springframework.boot.test.mock.mockito.MockitoTestExecutionListener, org.springframework.boot.test.mock.mockito.ResetMocksTestExecutionListener, org.springframework.test.context.web.ServletTestExecutionListener, org.springframework.test.context.support.DirtiesContextBeforeModesTestExecutionListener, org.springframework.test.context.event.ApplicationEventsTestExecutionListener, org.springframework.test.context.support.DependencyInjectionTestExecutionListener, org.springframework.test.context.support.DirtiesContextTestExecutionListener, org.springframework.test.context.transaction.TransactionalTestExecutionListener, org.springframework.test.context.jdbc.SqlScriptsTestExecutionListener, org.springframework.test.context.event.EventPublishingTestExecutionListener]
11:44:22.097 [Test worker] INFO org.springframework.boot.test.context.SpringBootTestContextBootstrapper - Using TestExecutionListeners: [org.springframework.test.context.web.ServletTestExecutionListener@60d84f61, org.springframework.test.context.support.DirtiesContextBeforeModesTestExecutionListener@39c11e6c, org.springframework.test.context.event.ApplicationEventsTestExecutionListener@324dcd31, org.springframework.boot.test.mock.mockito.MockitoTestExecutionListener@503d56b5, org.springframework.boot.test.autoconfigure.SpringBootDependencyInjectionTestExecutionListener@72bca894, org.springframework.test.context.support.DirtiesContextTestExecutionListener@433ffad1, org.springframework.test.context.transaction.TransactionalTestExecutionListener@1fc793c2, org.springframework.test.context.jdbc.SqlScriptsTestExecutionListener@2575f671, org.springframework.test.context.event.EventPublishingTestExecutionListener@329a1243, org.springframework.boot.test.autoconfigure.restdocs.RestDocsTestExecutionListener@ecf9fb3, org.springframework.boot.test.autoconfigure.web.client.MockRestServiceServerResetTestExecutionListener@2d35442b, org.springframework.boot.test.autoconfigure.web.servlet.MockMvcPrintOnlyOnFailureTestExecutionListener@27f9e982, org.springframework.boot.test.autoconfigure.web.servlet.WebDriverTestExecutionListener@4593ff34, org.springframework.boot.test.autoconfigure.webservices.client.MockWebServiceServerTestExecutionListener@37d3d232, org.springframework.boot.test.mock.mockito.ResetMocksTestExecutionListener@30c0ccff]
11:44:22.102 [Test worker] DEBUG org.springframework.test.context.support.AbstractDirtiesContextTestExecutionListener - Before test class: context [DefaultTestContext@c074c0c testClass = OnlineExaminationSystemApplicationTests, testInstance = [null], testMethod = [null], testException = [null], mergedContextConfiguration = [WebMergedContextConfiguration@58a55449 testClass = OnlineExaminationSystemApplicationTests, locations = '{}', classes = '{class com.example.demo.OnlineExaminationSystemApplication}', contextInitializerClasses = '[]', activeProfiles = '{}', propertySourceLocations = '{}', propertySourceProperties = '{org.springframework.boot.test.context.SpringBootTestContextBootstrapper=true}', contextCustomizers = set[org.springframework.boot.test.autoconfigure.actuate.metrics.MetricsExportContextCustomizerFactory$DisableMetricExportContextCustomizer@58fe0499, org.springframework.boot.test.autoconfigure.properties.PropertyMappingContextCustomizer@0, org.springframework.boot.test.autoconfigure.web.servlet.WebDriverContextCustomizerFactory$Customizer@75390459, org.springframework.boot.test.context.filter.ExcludeFilterContextCustomizer@57fd91c9, org.springframework.boot.test.json.DuplicateJsonObjectContextCustomizerFactory$DuplicateJsonObjectContextCustomizer@674658f7, org.springframework.boot.test.mock.mockito.MockitoContextCustomizer@0, org.springframework.boot.test.web.client.TestRestTemplateContextCustomizer@2fc0cc3, org.springframework.boot.test.context.SpringBootTestArgs@1, org.springframework.boot.test.context.SpringBootTestWebEnvironment@81d9a72], resourceBasePath = 'src/main/webapp', contextLoader = 'org.springframework.boot.test.context.SpringBootContextLoader', parent = [null]], attributes = map['org.springframework.test.context.web.ServletTestExecutionListener.activateListener' -> true]], class annotated with @DirtiesContext [false] with mode [null].

  .   ____          _            __ _ _
 /\\ / ___'_ __ _ _(_)_ __  __ _ \ \ \ \
( ( )\___ | '_ | '_| | '_ \/ _` | \ \ \ \
 \\/  ___)| |_)| | | | | || (_| |  ) ) ) )
  '  |____| .__|_| |_|_| |_\__, | / / / /
 =========|_|==============|___/=/_/_/_/
 :: Spring Boot ::                (v2.6.6)

2023-08-29 11:44:23.243  INFO 18800 --- [    Test worker] .OnlineExaminationSystemApplicationTests : Starting OnlineExaminationSystemApplicationTests using Java 11.0.13 on LAPTOP-6BLIJ63K with PID 18800 (started by bablu in C:\Users\bablu\Downloads\online-examination-system-main)
2023-08-29 11:44:23.245  INFO 18800 --- [    Test worker] .OnlineExaminationSystemApplicationTests : No active profile set, falling back to 1 default profile: "default"
2023-08-29 11:44:24.946  INFO 18800 --- [    Test worker] .s.d.r.c.RepositoryConfigurationDelegate : Multiple Spring Data modules found, entering strict repository configuration mode!
2023-08-29 11:44:24.948  INFO 18800 --- [    Test worker] .s.d.r.c.RepositoryConfigurationDelegate : Bootstrapping Spring Data JDBC repositories in DEFAULT mode.
2023-08-29 11:44:24.994  INFO 18800 --- [    Test worker] .RepositoryConfigurationExtensionSupport : Spring Data JDBC - Could not safely identify store assignment for repository candidate interface com.example.demo.repositories.AnswerKeysRepository. If you want this repository to be a JDBC repository, consider annotating your entities with one of these annotations: org.springframework.data.relational.core.mapping.Table.
2023-08-29 11:44:24.997  INFO 18800 --- [    Test worker] .RepositoryConfigurationExtensionSupport : Spring Data JDBC - Could not safely identify store assignment for repository candidate interface com.example.demo.repositories.AnswerSheetsRepository. If you want this repository to be a JDBC repository, consider annotating your entities with one of these annotations: org.springframework.data.relational.core.mapping.Table.
2023-08-29 11:44:25.000  INFO 18800 --- [    Test worker] .RepositoryConfigurationExtensionSupport : Spring Data JDBC - Could not safely identify store assignment for repository candidate interface com.example.demo.repositories.QuestionsRepository. If you want this repository to be a JDBC repository, consider annotating your entities with one of these annotations: org.springframework.data.relational.core.mapping.Table.
2023-08-29 11:44:25.005  INFO 18800 --- [    Test worker] .RepositoryConfigurationExtensionSupport : Spring Data JDBC - Could not safely identify store assignment for repository candidate interface com.example.demo.repositories.ResultsRepository. If you want this repository to be a JDBC repository, consider annotating your entities with one of these annotations: org.springframework.data.relational.core.mapping.Table.
2023-08-29 11:44:25.008  INFO 18800 --- [    Test worker] .RepositoryConfigurationExtensionSupport : Spring Data JDBC - Could not safely identify store assignment for repository candidate interface com.example.demo.repositories.StaffsRepository. If you want this repository to be a JDBC repository, consider annotating your entities with one of these annotations: org.springframework.data.relational.core.mapping.Table.
2023-08-29 11:44:25.012  INFO 18800 --- [    Test worker] .RepositoryConfigurationExtensionSupport : Spring Data JDBC - Could not safely identify store assignment for repository candidate interface com.example.demo.repositories.StudentsRepository. If you want this repository to be a JDBC repository, consider annotating your entities with one of these annotations: org.springframework.data.relational.core.mapping.Table.
2023-08-29 11:44:25.015  INFO 18800 --- [    Test worker] .RepositoryConfigurationExtensionSupport : Spring Data JDBC - Could not safely identify store assignment for repository candidate interface com.example.demo.repositories.SubjectsRepository. If you want this repository to be a JDBC repository, consider annotating your entities with one of these annotations: org.springframework.data.relational.core.mapping.Table.
2023-08-29 11:44:25.016  INFO 18800 --- [    Test worker] .s.d.r.c.RepositoryConfigurationDelegate : Finished Spring Data repository scanning in 62 ms. Found 0 JDBC repository interfaces.
2023-08-29 11:44:25.031  INFO 18800 --- [    Test worker] .s.d.r.c.RepositoryConfigurationDelegate : Multiple Spring Data modules found, entering strict repository configuration mode!
2023-08-29 11:44:25.033  INFO 18800 --- [    Test worker] .s.d.r.c.RepositoryConfigurationDelegate : Bootstrapping Spring Data JPA repositories in DEFAULT mode.
2023-08-29 11:44:25.118  INFO 18800 --- [    Test worker] .s.d.r.c.RepositoryConfigurationDelegate : Finished Spring Data repository scanning in 79 ms. Found 7 JPA repository interfaces.
2023-08-29 11:44:26.084  INFO 18800 --- [    Test worker] o.hibernate.jpa.internal.util.LogHelper  : HHH000204: Processing PersistenceUnitInfo [name: default]
2023-08-29 11:44:26.168  INFO 18800 --- [    Test worker] org.hibernate.Version                    : HHH000412: Hibernate ORM core version 5.6.7.Final
2023-08-29 11:44:26.398  INFO 18800 --- [    Test worker] o.hibernate.annotations.common.Version   : HCANN000001: Hibernate Commons Annotations {5.1.2.Final}
2023-08-29 11:44:26.572  INFO 18800 --- [    Test worker] com.zaxxer.hikari.HikariDataSource       : HikariPool-1 - Starting...
2023-08-29 11:44:31.711  INFO 18800 --- [    Test worker] com.zaxxer.hikari.HikariDataSource       : HikariPool-1 - Start completed.
2023-08-29 11:44:31.730  INFO 18800 --- [    Test worker] org.hibernate.dialect.Dialect            : HHH000400: Using dialect: org.hibernate.dialect.PostgreSQLDialect
2023-08-29 11:44:33.914  INFO 18800 --- [    Test worker] o.h.e.t.j.p.i.JtaPlatformInitiator       : HHH000490: Using JtaPlatform implementation: [org.hibernate.engine.transaction.jta.platform.internal.NoJtaPlatform]
2023-08-29 11:44:33.925  INFO 18800 --- [    Test worker] j.LocalContainerEntityManagerFactoryBean : Initialized JPA EntityManagerFactory for persistence unit 'default'
2023-08-29 11:44:35.043  WARN 18800 --- [    Test worker] JpaBaseConfiguration$JpaWebConfiguration : spring.jpa.open-in-view is enabled by default. Therefore, database queries may be performed during view rendering. Explicitly configure spring.jpa.open-in-view to disable this warning
2023-08-29 11:44:37.492  INFO 18800 --- [    Test worker] .OnlineExaminationSystemApplicationTests : Started OnlineExaminationSystemApplicationTests in 15.323 seconds (JVM running for 17.284)
]]></system-out>
  <system-err><![CDATA[]]></system-err>
</testsuite>
